2023-10-09T08:38:36.106+06:30  INFO 8520 --- [restartedMain] com.mtm.ems.EmsApplication               : Starting EmsApplication using Java 17.0.7 with PID 8520 (D:\Project\Employee_Management_System\ems\target\classes started by YeWai in D:\Project\Employee_Management_System)
2023-10-09T08:38:36.116+06:30  INFO 8520 --- [restartedMain] com.mtm.ems.EmsApplication               : The following 1 profile is active: "dev"
2023-10-09T08:38:36.183+06:30  INFO 8520 --- [restartedMain] .e.DevToolsPropertyDefaultsPostProcessor : Devtools property defaults active! Set 'spring.devtools.add-properties' to 'false' to disable
2023-10-09T08:38:36.184+06:30  INFO 8520 --- [restartedMain] .e.DevToolsPropertyDefaultsPostProcessor : For additional web related logging consider setting the 'logging.level.web' property to 'DEBUG'
2023-10-09T08:38:36.976+06:30  INFO 8520 --- [restartedMain] .s.d.r.c.RepositoryConfigurationDelegate : Bootstrapping Spring Data JPA repositories in DEFAULT mode.
2023-10-09T08:38:37.063+06:30  INFO 8520 --- [restartedMain] .s.d.r.c.RepositoryConfigurationDelegate : Finished Spring Data repository scanning in 73 ms. Found 2 JPA repository interfaces.
2023-10-09T08:38:37.928+06:30  INFO 8520 --- [restartedMain] o.s.b.w.embedded.tomcat.TomcatWebServer  : Tomcat initialized with port(s): 8080 (http)
2023-10-09T08:38:37.946+06:30  INFO 8520 --- [restartedMain] o.apache.catalina.core.StandardService   : Starting service [Tomcat]
2023-10-09T08:38:37.947+06:30  INFO 8520 --- [restartedMain] o.apache.catalina.core.StandardEngine    : Starting Servlet engine: [Apache Tomcat/10.1.13]
2023-10-09T08:38:38.041+06:30  INFO 8520 --- [restartedMain] o.a.c.c.C.[Tomcat].[localhost].[/]       : Initializing Spring embedded WebApplicationContext
2023-10-09T08:38:38.045+06:30  INFO 8520 --- [restartedMain] w.s.c.ServletWebServerApplicationContext : Root WebApplicationContext: initialization completed in 1859 ms
2023-10-09T08:38:38.300+06:30  INFO 8520 --- [restartedMain] com.zaxxer.hikari.HikariDataSource       : HikariPool-1 - Starting...
2023-10-09T08:38:38.523+06:30  INFO 8520 --- [restartedMain] com.zaxxer.hikari.pool.HikariPool        : HikariPool-1 - Added connection com.mysql.cj.jdbc.ConnectionImpl@75f8c0bb
2023-10-09T08:38:38.525+06:30  INFO 8520 --- [restartedMain] com.zaxxer.hikari.HikariDataSource       : HikariPool-1 - Start completed.
2023-10-09T08:38:38.572+06:30  INFO 8520 --- [restartedMain] o.hibernate.jpa.internal.util.LogHelper  : HHH000204: Processing PersistenceUnitInfo [name: default]
2023-10-09T08:38:38.651+06:30  INFO 8520 --- [restartedMain] org.hibernate.Version                    : HHH000412: Hibernate ORM core version 6.2.9.Final
2023-10-09T08:38:38.654+06:30  INFO 8520 --- [restartedMain] org.hibernate.cfg.Environment            : HHH000406: Using bytecode reflection optimizer
2023-10-09T08:38:38.817+06:30  INFO 8520 --- [restartedMain] o.h.b.i.BytecodeProviderInitiator        : HHH000021: Bytecode provider name : bytebuddy
2023-10-09T08:38:38.982+06:30  INFO 8520 --- [restartedMain] o.s.o.j.p.SpringPersistenceUnitInfo      : No LoadTimeWeaver setup: ignoring JPA class transformer
2023-10-09T08:38:39.283+06:30  INFO 8520 --- [restartedMain] o.h.b.i.BytecodeProviderInitiator        : HHH000021: Bytecode provider name : bytebuddy
2023-10-09T08:38:39.918+06:30  INFO 8520 --- [restartedMain] o.h.e.t.j.p.i.JtaPlatformInitiator       : HHH000490: Using JtaPlatform implementation: [org.hibernate.engine.transaction.jta.platform.internal.NoJtaPlatform]
2023-10-09T08:38:39.921+06:30  INFO 8520 --- [restartedMain] j.LocalContainerEntityManagerFactoryBean : Initialized JPA EntityManagerFactory for persistence unit 'default'
2023-10-09T08:38:40.252+06:30  WARN 8520 --- [restartedMain] JpaBaseConfiguration$JpaWebConfiguration : spring.jpa.open-in-view is enabled by default. Therefore, database queries may be performed during view rendering. Explicitly configure spring.jpa.open-in-view to disable this warning
2023-10-09T08:38:40.629+06:30  INFO 8520 --- [restartedMain] o.s.b.d.a.OptionalLiveReloadServer       : LiveReload server is running on port 35729
2023-10-09T08:38:40.687+06:30  INFO 8520 --- [restartedMain] o.s.b.w.embedded.tomcat.TomcatWebServer  : Tomcat started on port(s): 8080 (http) with context path ''
2023-10-09T08:38:40.699+06:30  INFO 8520 --- [restartedMain] com.mtm.ems.EmsApplication               : Started EmsApplication in 5.205 seconds (process running for 6.195)
2023-10-09T08:38:54.008+06:30  INFO 8520 --- [http-nio-8080-exec-1] o.a.c.c.C.[Tomcat].[localhost].[/]       : Initializing Spring DispatcherServlet 'dispatcherServlet'
2023-10-09T08:38:54.009+06:30  INFO 8520 --- [http-nio-8080-exec-1] o.s.web.servlet.DispatcherServlet        : Initializing Servlet 'dispatcherServlet'
2023-10-09T08:38:54.010+06:30  INFO 8520 --- [http-nio-8080-exec-1] o.s.web.servlet.DispatcherServlet        : Completed initialization in 1 ms
2023-10-09T08:39:08.630+06:30  INFO 8520 --- [SpringApplicationShutdownHook] j.LocalContainerEntityManagerFactoryBean : Closing JPA EntityManagerFactory for persistence unit 'default'
2023-10-09T08:39:08.638+06:30  INFO 8520 --- [SpringApplicationShutdownHook] com.zaxxer.hikari.HikariDataSource       : HikariPool-1 - Shutdown initiated...
2023-10-09T08:39:08.653+06:30  INFO 8520 --- [SpringApplicationShutdownHook] com.zaxxer.hikari.HikariDataSource       : HikariPool-1 - Shutdown completed.
